<?xml version="1.0" encoding="UTF-8"?>
<!-- Generated by org.testng.reporters.JUnitReportReporter -->
<testsuite hostname="Pranshi" failures="0" tests="1" name="TestNG.TestNg.dxxgTest" time="0.015" errors="0" timestamp="2024-09-04T20:56:38 IST" skipped="0">
  <testcase classname="TestNG.TestNg.dxxgTest" name="test" time="0.015"/>
  <system-out/>
</testsuite> <!-- TestNG.TestNg.dxxgTest -->
